[INFO] Scanning for projects...
[INFO] 
[INFO] -------------------------< maicol:product-api >-------------------------
[INFO] Building  0.0.1-SNAPSHOT
[INFO]   from pom.xml
[INFO] --------------------------------[ jar ]---------------------------------
[INFO] 
[INFO] >>> spring-boot:4.0.4:run (default-cli) > test-compile @ product-api >>>
[INFO] 
[INFO] --- resources:3.3.1:resources (default-resources) @ product-api ---
[INFO] Copying 1 resource from src\main\resources to target\classes
[INFO] Copying 0 resource from src\main\resources to target\classes
[INFO] 
[INFO] --- compiler:3.14.1:compile (default-compile) @ product-api ---
[INFO] Nothing to compile - all classes are up to date.
[INFO] 
[INFO] --- resources:3.3.1:testResources (default-testResources) @ product-api ---
[INFO] skip non existing resourceDirectory C:\Users\SISTEMAS-PC\Documents\Second prueba\Sistema-de-Registro-y-Listado-de-Productos\backend\src\test\resources
[INFO] 
[INFO] --- compiler:3.14.1:testCompile (default-testCompile) @ product-api ---
[INFO] Nothing to compile - all classes are up to date.
[INFO] 
[INFO] <<< spring-boot:4.0.4:run (default-cli) < test-compile @ product-api <<<
[INFO] 
[INFO] 
[INFO] --- spring-boot:4.0.4:run (default-cli) @ product-api ---
[INFO] Attaching agents: []

  .   ____          _            __ _ _
 /\\ / ___'_ __ _ _(_)_ __  __ _ \ \ \ \
( ( )\___ | '_ | '_| | '_ \/ _` | \ \ \ \
 \\/  ___)| |_)| | | | | || (_| |  ) ) ) )
  '  |____| .__|_| |_|_| |_\__, | / / / /
 =========|_|==============|___/=/_/_/_/

 :: Spring Boot ::                (v4.0.4)

2026-03-20T10:47:20.213-05:00  INFO 15276 --- [product-api] [           main] m.product_api.ProductApiApplication      : Starting ProductApiApplication using Java 17.0.16 with PID 15276 (C:\Users\SISTEMAS-PC\Documents\Second prueba\Sistema-de-Registro-y-Listado-de-Productos\backend\target\classes started by SISTEMAS-PC in C:\Users\SISTEMAS-PC\Documents\Second prueba\Sistema-de-Registro-y-Listado-de-Productos\backend)
2026-03-20T10:47:20.216-05:00  INFO 15276 --- [product-api] [           main] m.product_api.ProductApiApplication      : No active profile set, falling back to 1 default profile: "default"
2026-03-20T10:47:20.679-05:00  INFO 15276 --- [product-api] [           main] .s.d.r.c.RepositoryConfigurationDelegate : Bootstrapping Spring Data JPA repositories in DEFAULT mode.
2026-03-20T10:47:20.721-05:00  INFO 15276 --- [product-api] [           main] .s.d.r.c.RepositoryConfigurationDelegate : Finished Spring Data repository scanning in 34 ms. Found 1 JPA repository interface.
2026-03-20T10:47:21.108-05:00  INFO 15276 --- [product-api] [           main] o.s.boot.tomcat.TomcatWebServer          : Tomcat initialized with port 8080 (http)
2026-03-20T10:47:21.118-05:00  INFO 15276 --- [product-api] [           main] o.apache.catalina.core.StandardService   : Starting service [Tomcat]
2026-03-20T10:47:21.118-05:00  INFO 15276 --- [product-api] [           main] o.apache.catalina.core.StandardEngine    : Starting Servlet engine: [Apache Tomcat/11.0.18]
2026-03-20T10:47:21.166-05:00  INFO 15276 --- [product-api] [           main] b.w.c.s.WebApplicationContextInitializer : Root WebApplicationContext: initialization completed in 912 ms
2026-03-20T10:47:21.284-05:00  INFO 15276 --- [product-api] [           main] org.hibernate.orm.jpa                    : HHH008540: Processing PersistenceUnitInfo [name: default]
2026-03-20T10:47:21.328-05:00  INFO 15276 --- [product-api] [           main] org.hibernate.orm.core                   : HHH000001: Hibernate ORM core version 7.2.7.Final
2026-03-20T10:47:21.683-05:00  INFO 15276 --- [product-api] [           main] o.s.o.j.p.SpringPersistenceUnitInfo      : No LoadTimeWeaver setup: ignoring JPA class transformer
2026-03-20T10:47:21.713-05:00  INFO 15276 --- [product-api] [           main] com.zaxxer.hikari.HikariDataSource       : HikariPool-1 - Starting...
2026-03-20T10:47:21.856-05:00  INFO 15276 --- [product-api] [           main] com.zaxxer.hikari.pool.HikariPool        : HikariPool-1 - Added connection org.postgresql.jdbc.PgConnection@4387d2f4
2026-03-20T10:47:21.857-05:00  INFO 15276 --- [product-api] [           main] com.zaxxer.hikari.HikariDataSource       : HikariPool-1 - Start completed.
2026-03-20T10:47:21.892-05:00  WARN 15276 --- [product-api] [           main] org.hibernate.orm.deprecation            : HHH90000025: PostgreSQLDialect does not need to be specified explicitly using 'hibernate.dialect' (remove the property setting and it will be selected by default)
2026-03-20T10:47:21.917-05:00  INFO 15276 --- [product-api] [           main] org.hibernate.orm.connections.pooling    : HHH10001005: Database info:
	Database JDBC URL [jdbc:postgresql://localhost:5433/productdb]
	Database driver: PostgreSQL JDBC Driver
	Database dialect: PostgreSQLDialect
	Database version: 15.17
	Default catalog/schema: productdb/public
	Autocommit mode: undefined/unknown
	Isolation level: READ_COMMITTED [default READ_COMMITTED]
	JDBC fetch size: none
	Pool: DataSourceConnectionProvider
	Minimum pool size: undefined/unknown
	Maximum pool size: undefined/unknown
2026-03-20T10:47:22.653-05:00  INFO 15276 --- [product-api] [           main] org.hibernate.orm.core                   : HHH000489: No JTA platform available (set 'hibernate.transaction.jta.platform' to enable JTA platform integration)
2026-03-20T10:47:22.746-05:00  INFO 15276 --- [product-api] [           main] j.LocalContainerEntityManagerFactoryBean : Initialized JPA EntityManagerFactory for persistence unit 'default'
2026-03-20T10:47:22.810-05:00  INFO 15276 --- [product-api] [           main] o.s.d.j.r.query.QueryEnhancerFactories   : Hibernate is in classpath; If applicable, HQL parser will be used.
2026-03-20T10:47:22.941-05:00  WARN 15276 --- [product-api] [           main] JpaBaseConfiguration$JpaWebConfiguration : spring.jpa.open-in-view is enabled by default. Therefore, database queries may be performed during view rendering. Explicitly configure spring.jpa.open-in-view to disable this warning
2026-03-20T10:47:23.280-05:00  INFO 15276 --- [product-api] [           main] o.s.boot.tomcat.TomcatWebServer          : Tomcat started on port 8080 (http) with context path '/'
2026-03-20T10:47:23.284-05:00  INFO 15276 --- [product-api] [           main] m.product_api.ProductApiApplication      : Started ProductApiApplication in 3.454 seconds (process running for 3.803)
